#
# There is insufficient memory for the Java Runtime Environment to continue.
# Native memory allocation (malloc) failed to allocate 1327296 bytes for Chunk::new
# Possible reasons:
#   The system is out of physical RAM or swap space
#   The process is running with CompressedOops enabled, and the Java Heap may be blocking the growth of the native heap
# Possible solutions:
#   Reduce memory load on the system
#   Increase physical memory or swap space
#   Check if swap backing store is full
#   Decrease Java heap size (-Xmx/-Xms)
#   Decrease number of Java threads
#   Decrease Java thread stack sizes (-Xss)
#   Set larger code cache with -XX:ReservedCodeCacheSize=
#   JVM is running with Unscaled Compressed Oops mode in which the Java heap is
#     placed in the first 4GB address space. The Java Heap base address is the
#     maximum limit for the native heap growth. Please use -XX:HeapBaseMinAddress
#     to set the Java Heap base and to place the Java Heap above 4GB virtual address.
# This output file may be truncated or incomplete.
#
#  Out of Memory Error (allocation.cpp:389), pid=4264, tid=0x0000000000001de4
#
# JRE version: OpenJDK Runtime Environment (8.0_212-b04) (build 1.8.0_212-release-1586-b04)
# Java VM: OpenJDK 64-Bit Server VM (25.212-b04 mixed mode windows-amd64 compressed oops)
# Failed to write core dump. Minidumps are not enabled by default on client versions of Windows
#

---------------  T H R E A D  ---------------

Current thread (0x0000000017cf7000):  JavaThread "C2 CompilerThread0" daemon [_thread_in_native, id=7652, stack(0x0000000019340000,0x0000000019440000)]

Stack: [0x0000000019340000,0x0000000019440000]
[error occurred during error reporting (printing stack bounds), id 0xc0000005]

Native frames: (J=compiled Java code, j=interpreted, Vv=VM code, C=native code)


Current CompileTask:
C2:   7031 2642       4       groovy.lang.MetaClassImpl$1MOPIter::methodNameAction (325 bytes)


---------------  P R O C E S S  ---------------

Java Threads: ( => current thread )
  0x000000001f0fd000 JavaThread "Cache worker for execution history cache (C:\Users\aiman\.gradle\caches\5.4.1\executionHistory)" [_thread_blocked, id=6672, stack(0x0000000021c60000,0x0000000021d60000)]
  0x000000001b139800 JavaThread "Cache worker for cache directory md-rule (C:\Users\aiman\.gradle\caches\5.4.1\md-rule)" [_thread_blocked, id=12952, stack(0x0000000021b60000,0x0000000021c60000)]
  0x000000001b138000 JavaThread "Cache worker for cache directory md-supplier (C:\Users\aiman\.gradle\caches\5.4.1\md-supplier)" [_thread_blocked, id=13120, stack(0x00000000207a0000,0x00000000208a0000)]
  0x000000001b13a000 JavaThread "Cache worker for file hash cache (C:\Users\aiman\Downloads\EzFind\.gradle\5.4.1\fileHashes)" [_thread_blocked, id=13280, stack(0x00000000200a0000,0x00000000201a0000)]
  0x000000001b13b000 JavaThread "Cache worker for journal cache (C:\Users\aiman\.gradle\caches\journal-1)" [_thread_blocked, id=11760, stack(0x000000001cb30000,0x000000001cc30000)]
  0x000000001b13d000 JavaThread "File lock request listener" [_thread_in_native, id=12084, stack(0x000000001ca30000,0x000000001cb30000)]
  0x000000001ae71800 JavaThread "Cache worker for file hash cache (C:\Users\aiman\.gradle\caches\5.4.1\fileHashes)" [_thread_blocked, id=8204, stack(0x000000001c930000,0x000000001ca30000)]
  0x000000001af04800 JavaThread "Thread-9" [_thread_blocked, id=8568, stack(0x000000001c830000,0x000000001c930000)]
  0x000000001add8000 JavaThread "Stdin handler" [_thread_blocked, id=1788, stack(0x000000001c730000,0x000000001c830000)]
  0x000000001add7000 JavaThread "Asynchronous log dispatcher for DefaultDaemonConnection: socket connection from /127.0.0.1:50797 to /127.0.0.1:50798" [_thread_blocked, id=1196, stack(0x000000001c630000,0x000000001c730000)]
  0x0000000019913000 JavaThread "Daemon worker" [_thread_in_Java, id=1008, stack(0x000000001c530000,0x000000001c630000)]
  0x0000000019912000 JavaThread "Cancel handler" [_thread_blocked, id=5960, stack(0x000000001c430000,0x000000001c530000)]
  0x000000001a733000 JavaThread "Handler for socket connection from /127.0.0.1:50797 to /127.0.0.1:50798" [_thread_in_native, id=7232, stack(0x000000001c130000,0x000000001c230000)]
  0x000000001a78e800 JavaThread "Daemon" [_thread_blocked, id=11476, stack(0x000000001c030000,0x000000001c130000)]
  0x000000001a78a000 JavaThread "Daemon periodic checks" [_thread_blocked, id=1160, stack(0x000000001bf30000,0x000000001c030000)]
  0x0000000019c44800 JavaThread "Incoming local TCP Connector on port 50797" [_thread_in_native, id=32, stack(0x000000001ba50000,0x000000001bb50000)]
  0x000000001af62000 JavaThread "Daemon health stats" [_thread_blocked, id=13212, stack(0x000000001b410000,0x000000001b510000)]
  0x0000000017d4e000 JavaThread "Service Thread" daemon [_thread_blocked, id=9152, stack(0x0000000019a40000,0x0000000019b40000)]
  0x0000000017cf0000 JavaThread "C1 CompilerThread2" daemon [_thread_blocked, id=9212, stack(0x0000000019540000,0x0000000019640000)]
  0x0000000017cec800 JavaThread "C2 CompilerThread1" daemon [_thread_in_native, id=5808, stack(0x0000000019440000,0x0000000019540000)]
=>0x0000000017cf7000 JavaThread "C2 CompilerThread0" daemon [_thread_in_native, id=7652, stack(0x0000000019340000,0x0000000019440000)]
  0x0000000017cf6000 JavaThread "Attach Listener" daemon [_thread_blocked, id=12860, stack(0x0000000019240000,0x0000000019340000)]
  0x0000000017cf5000 JavaThread "Signal Dispatcher" daemon [_thread_blocked, id=5392, stack(0x0000000019140000,0x0000000019240000)]
  0x000000000437d000 JavaThread "Finalizer" daemon [_thread_blocked, id=3716, stack(0x0000000018f50000,0x0000000019050000)]
  0x0000000017cd9800 JavaThread "Reference Handler" daemon [_thread_blocked, id=5672, stack(0x0000000018e50000,0x0000000018f50000)]
  0x000000000253d800 JavaThread "main" [_thread_blocked, id=2804, stack(0x0000000004180000,0x0000000004280000)]

Other Threads:
  0x0000000017cb5800 VMThread [stack: 0x0000000018d50000,0x0000000018e50000] [id=1016]
  0x0000000017d09000 WatcherThread [stack: 0x0000000019b40000,0x0000000019c40000] [id=8440]

VM state:not at safepoint (normal execution)

VM Mutex/Monitor currently owned by a thread: None

heap address: 0x00000000a0000000, size: 1536 MB, Compressed Oops mode: 32-bit
Narrow klass base: 0x0000000000000000, Narrow klass shift: 3
Compressed class space size: 1073741824 Address: 0x0000000100000000

Heap:
 PSYoungGen      total 99840K, used 84514K [0x00000000e0000000, 0x00000000e8f00000, 0x0000000100000000)
  eden space 92160K, 83% used [0x00000000e0000000,0x00000000e4b22a68,0x00000000e5a00000)
  from space 7680K, 98% used [0x00000000e8780000,0x00000000e8ee5e58,0x00000000e8f00000)
  to   space 10240K, 0% used [0x00000000e7b00000,0x00000000e7b00000,0x00000000e8500000)
 ParOldGen       total 40448K, used 11093K [0x00000000a0000000, 0x00000000a2780000, 0x00000000e0000000)
  object space 40448K, 27% used [0x00000000a0000000,0x00000000a0ad54c0,0x00000000a2780000)
 Metaspace       used 33892K, capacity 34628K, committed 34816K, reserved 1079296K
  class space    used 4552K, capacity 4757K, committed 4864K, reserved 1048576K

Card table byte_map: [0x0000000013740000,0x0000000013a50000] byte_map_base: 0x0000000013240000

Marking Bits: (ParMarkBitMap*) 0x00000000617d9f30
 Begin Bits: [0x0000000014050000, 0x0000000015850000)
 End Bits:   [0x0000000015850000, 0x0000000017050000)

Polling page: 0x0000000002520000

CodeCache: size=245760Kb used=11150Kb max_used=11150Kb free=234610Kb
 bounds [0x0000000004380000, 0x0000000004e70000, 0x0000000013380000]
 total_blobs=3659 nmethods=2955 adapters=617
 compilation: enabled

Compilation events (10 events):
Event: 6.991 Thread 0x0000000017cf0000 2974       3       com.google.common.collect.MapMakerInternalMap$StrongKeyWeakValueSegment::self (5 bytes)
Event: 6.991 Thread 0x0000000017cf0000 nmethod 2974 0x0000000004e667d0 code [0x0000000004e66920, 0x0000000004e66b50]
Event: 6.991 Thread 0x0000000017cf0000 2975       3       com.google.common.collect.MapMakerInternalMap$StrongKeyWeakValueSegment::self (2 bytes)
Event: 6.991 Thread 0x0000000017cf0000 nmethod 2975 0x0000000004e66c10 code [0x0000000004e66d60, 0x0000000004e66eb0]
Event: 6.993 Thread 0x0000000017cf0000 2976       3       com.google.common.collect.MapMakerInternalMap::rehash (49 bytes)
Event: 6.993 Thread 0x0000000017cf0000 nmethod 2976 0x0000000004e66f50 code [0x0000000004e670a0, 0x0000000004e67210]
Event: 6.993 Thread 0x0000000017cf0000 2977       3       com.google.common.collect.MapMakerInternalMap::segmentFor (17 bytes)
Event: 6.994 Thread 0x0000000017cf0000 nmethod 2977 0x0000000004e67290 code [0x0000000004e673e0, 0x0000000004e67570]
Event: 7.008 Thread 0x0000000017cf0000 2978       1       com.google.common.collect.MapMakerInternalMap$AbstractStrongKeyEntry::getKey (5 bytes)
Event: 7.008 Thread 0x0000000017cf0000 nmethod 2978 0x0000000004e67650 code [0x0000000004e677a0, 0x0000000004e678b0]

GC Heap History (10 events):
Event: 2.241 GC heap before
{Heap before GC invocations=5 (full 0):
 PSYoungGen      total 35328K, used 35312K [0x00000000e0000000, 0x00000000e2500000, 0x0000000100000000)
  eden space 32768K, 100% used [0x00000000e0000000,0x00000000e2000000,0x00000000e2000000)
  from space 2560K, 99% used [0x00000000e2280000,0x00000000e24fc010,0x00000000e2500000)
  to   space 2560K, 0% used [0x00000000e2000000,0x00000000e2000000,0x00000000e2280000)
 ParOldGen       total 44032K, used 2072K [0x00000000a0000000, 0x00000000a2b00000, 0x00000000e0000000)
  object space 44032K, 4% used [0x00000000a0000000,0x00000000a02060f8,0x00000000a2b00000)
 Metaspace       used 13410K, capacity 13856K, committed 14080K, reserved 1060864K
  class space    used 1852K, capacity 1998K, committed 2048K, reserved 1048576K
Event: 2.251 GC heap after
Heap after GC invocations=5 (full 0):
 PSYoungGen      total 35328K, used 2529K [0x00000000e0000000, 0x00000000e4c00000, 0x0000000100000000)
  eden space 32768K, 0% used [0x00000000e0000000,0x00000000e0000000,0x00000000e2000000)
  from space 2560K, 98% used [0x00000000e2000000,0x00000000e2278400,0x00000000e2280000)
  to   space 6144K, 0% used [0x00000000e4600000,0x00000000e4600000,0x00000000e4c00000)
 ParOldGen       total 44032K, used 6081K [0x00000000a0000000, 0x00000000a2b00000, 0x00000000e0000000)
  object space 44032K, 13% used [0x00000000a0000000,0x00000000a05f06c8,0x00000000a2b00000)
 Metaspace       used 13410K, capacity 13856K, committed 14080K, reserved 1060864K
  class space    used 1852K, capacity 1998K, committed 2048K, reserved 1048576K
}
Event: 2.778 GC heap before
{Heap before GC invocations=6 (full 0):
 PSYoungGen      total 35328K, used 35297K [0x00000000e0000000, 0x00000000e4c00000, 0x0000000100000000)
  eden space 32768K, 100% used [0x00000000e0000000,0x00000000e2000000,0x00000000e2000000)
  from space 2560K, 98% used [0x00000000e2000000,0x00000000e2278400,0x00000000e2280000)
  to   space 6144K, 0% used [0x00000000e4600000,0x00000000e4600000,0x00000000e4c00000)
 ParOldGen       total 44032K, used 6081K [0x00000000a0000000, 0x00000000a2b00000, 0x00000000e0000000)
  object space 44032K, 13% used [0x00000000a0000000,0x00000000a05f06c8,0x00000000a2b00000)
 Metaspace       used 16263K, capacity 16688K, committed 16896K, reserved 1062912K
  class space    used 2312K, capacity 2456K, committed 2560K, reserved 1048576K
Event: 2.791 GC heap after
Heap after GC invocations=6 (full 0):
 PSYoungGen      total 70656K, used 6122K [0x00000000e0000000, 0x00000000e4e00000, 0x0000000100000000)
  eden space 64512K, 0% used [0x00000000e0000000,0x00000000e0000000,0x00000000e3f00000)
  from space 6144K, 99% used [0x00000000e4600000,0x00000000e4bfa928,0x00000000e4c00000)
  to   space 7168K, 0% used [0x00000000e3f00000,0x00000000e3f00000,0x00000000e4600000)
 ParOldGen       total 44032K, used 6443K [0x00000000a0000000, 0x00000000a2b00000, 0x00000000e0000000)
  object space 44032K, 14% used [0x00000000a0000000,0x00000000a064ac00,0x00000000a2b00000)
 Metaspace       used 16263K, capacity 16688K, committed 16896K, reserved 1062912K
  class space    used 2312K, capacity 2456K, committed 2560K, reserved 1048576K
}
Event: 3.903 GC heap before
{Heap before GC invocations=7 (full 0):
 PSYoungGen      total 70656K, used 53683K [0x00000000e0000000, 0x00000000e4e00000, 0x0000000100000000)
  eden space 64512K, 73% used [0x00000000e0000000,0x00000000e2e72320,0x00000000e3f00000)
  from space 6144K, 99% used [0x00000000e4600000,0x00000000e4bfa928,0x00000000e4c00000)
  to   space 7168K, 0% used [0x00000000e3f00000,0x00000000e3f00000,0x00000000e4600000)
 ParOldGen       total 44032K, used 6443K [0x00000000a0000000, 0x00000000a2b00000, 0x00000000e0000000)
  object space 44032K, 14% used [0x00000000a0000000,0x00000000a064ac00,0x00000000a2b00000)
 Metaspace       used 20685K, capacity 21182K, committed 21296K, reserved 1067008K
  class space    used 2960K, capacity 3126K, committed 3200K, reserved 1048576K
Event: 3.924 GC heap after
Heap after GC invocations=7 (full 0):
 PSYoungGen      total 71680K, used 7136K [0x00000000e0000000, 0x00000000e9100000, 0x0000000100000000)
  eden space 64512K, 0% used [0x00000000e0000000,0x00000000e0000000,0x00000000e3f00000)
  from space 7168K, 99% used [0x00000000e3f00000,0x00000000e45f8258,0x00000000e4600000)
  to   space 9728K, 0% used [0x00000000e8780000,0x00000000e8780000,0x00000000e9100000)
 ParOldGen       total 44032K, used 8904K [0x00000000a0000000, 0x00000000a2b00000, 0x00000000e0000000)
  object space 44032K, 20% used [0x00000000a0000000,0x00000000a08b22e8,0x00000000a2b00000)
 Metaspace       used 20685K, capacity 21182K, committed 21296K, reserved 1067008K
  class space    used 2960K, capacity 3126K, committed 3200K, reserved 1048576K
}
Event: 3.924 GC heap before
{Heap before GC invocations=8 (full 1):
 PSYoungGen      total 71680K, used 7136K [0x00000000e0000000, 0x00000000e9100000, 0x0000000100000000)
  eden space 64512K, 0% used [0x00000000e0000000,0x00000000e0000000,0x00000000e3f00000)
  from space 7168K, 99% used [0x00000000e3f00000,0x00000000e45f8258,0x00000000e4600000)
  to   space 9728K, 0% used [0x00000000e8780000,0x00000000e8780000,0x00000000e9100000)
 ParOldGen       total 44032K, used 8904K [0x00000000a0000000, 0x00000000a2b00000, 0x00000000e0000000)
  object space 44032K, 20% used [0x00000000a0000000,0x00000000a08b22e8,0x00000000a2b00000)
 Metaspace       used 20685K, capacity 21182K, committed 21296K, reserved 1067008K
  class space    used 2960K, capacity 3126K, committed 3200K, reserved 1048576K
Event: 4.003 GC heap after
Heap after GC invocations=8 (full 1):
 PSYoungGen      total 71680K, used 0K [0x00000000e0000000, 0x00000000e9100000, 0x0000000100000000)
  eden space 64512K, 0% used [0x00000000e0000000,0x00000000e0000000,0x00000000e3f00000)
  from space 7168K, 0% used [0x00000000e3f00000,0x00000000e3f00000,0x00000000e4600000)
  to   space 9728K, 0% used [0x00000000e8780000,0x00000000e8780000,0x00000000e9100000)
 ParOldGen       total 40448K, used 11085K [0x00000000a0000000, 0x00000000a2780000, 0x00000000e0000000)
  object space 40448K, 27% used [0x00000000a0000000,0x00000000a0ad34c0,0x00000000a2780000)
 Metaspace       used 20685K, capacity 21182K, committed 21296K, reserved 1067008K
  class space    used 2960K, capacity 3126K, committed 3200K, reserved 1048576K
}
Event: 5.203 GC heap before
{Heap before GC invocations=9 (full 1):
 PSYoungGen      total 71680K, used 64512K [0x00000000e0000000, 0x00000000e9100000, 0x0000000100000000)
  eden space 64512K, 100% used [0x00000000e0000000,0x00000000e3f00000,0x00000000e3f00000)
  from space 7168K, 0% used [0x00000000e3f00000,0x00000000e3f00000,0x00000000e4600000)
  to   space 9728K, 0% used [0x00000000e8780000,0x00000000e8780000,0x00000000e9100000)
 ParOldGen       total 40448K, used 11085K [0x00000000a0000000, 0x00000000a2780000, 0x00000000e0000000)
  object space 40448K, 27% used [0x00000000a0000000,0x00000000a0ad34c0,0x00000000a2780000)
 Metaspace       used 28143K, capacity 28640K, committed 28928K, reserved 1075200K
  class space    used 3872K, capacity 4031K, committed 4096K, reserved 1048576K
Event: 5.213 GC heap after
Heap after GC invocations=9 (full 1):
 PSYoungGen      total 99840K, used 7575K [0x00000000e0000000, 0x00000000e8f00000, 0x0000000100000000)
  eden space 92160K, 0% used [0x00000000e0000000,0x00000000e0000000,0x00000000e5a00000)
  from space 7680K, 98% used [0x00000000e8780000,0x00000000e8ee5e58,0x00000000e8f00000)
  to   space 10240K, 0% used [0x00000000e7b00000,0x00000000e7b00000,0x00000000e8500000)
 ParOldGen       total 40448K, used 11093K [0x00000000a0000000, 0x00000000a2780000, 0x00000000e0000000)
  object space 40448K, 27% used [0x00000000a0000000,0x00000000a0ad54c0,0x00000000a2780000)
 Metaspace       used 28143K, capacity 28640K, committed 28928K, reserved 1075200K
  class space    used 3872K, capacity 4031K, committed 4096K, reserved 1048576K
}

Deoptimization events (10 events):
Event: 5.214 Thread 0x0000000017cd9800 Uncommon trap: reason=unstable_if action=reinterpret pc=0x0000000004990d7c method=java.lang.ref.Reference.tryHandlePending(Z)Z @ 104
Event: 5.897 Thread 0x0000000019913000 Uncommon trap: reason=unstable_if action=reinterpret pc=0x0000000004c59f20 method=groovyjarjarantlr.CharQueue.append(C)V @ 9
Event: 5.984 Thread 0x0000000019913000 Uncommon trap: reason=unstable_if action=reinterpret pc=0x0000000004978c98 method=java.io.BufferedInputStream.read([BII)I @ 56
Event: 5.997 Thread 0x0000000019913000 Uncommon trap: reason=unstable_if action=reinterpret pc=0x0000000004971e78 method=sun.misc.MetaIndex.mayContain(Ljava/lang/String;)Z @ 38
Event: 6.037 Thread 0x0000000019913000 Uncommon trap: reason=unstable_if action=reinterpret pc=0x00000000049699e8 method=sun.misc.MetaIndex.mayContain(Ljava/lang/String;)Z @ 38
Event: 6.503 Thread 0x0000000019913000 Uncommon trap: reason=predicate action=maybe_recompile pc=0x0000000004c745b4 method=groovyjarjarantlr.InputBuffer.syncConsume()V @ 7
Event: 6.868 Thread 0x0000000019913000 Uncommon trap: reason=unstable_if action=reinterpret pc=0x0000000004bc1088 method=org.objectweb.asm.ByteVector.putShort(I)Lorg/objectweb/asm/ByteVector; @ 13
Event: 6.901 Thread 0x0000000019913000 Uncommon trap: reason=unstable_if action=reinterpret pc=0x0000000004a36c7c method=java.lang.ClassValue.match(Ljava/lang/ClassValue$Entry;)Z @ 12
Event: 6.901 Thread 0x0000000019913000 Uncommon trap: reason=unstable_if action=reinterpret pc=0x0000000004a1c8d0 method=java.lang.ClassValue.match(Ljava/lang/ClassValue$Entry;)Z @ 12
Event: 6.922 Thread 0x0000000019913000 Uncommon trap: reason=unstable_if action=reinterpret pc=0x0000000004b72ce8 method=java.util.WeakHashMap.put(Ljava/lang/Object;Ljava/lang/Object;)Ljava/lang/Object; @ 72

Classes redefined (0 events):
No events

Internal exceptions (10 events):
Event: 6.934 Thread 0x0000000019913000 Exception <a 'java/security/PrivilegedActionException'> (0x00000000e4464b60) thrown at [D:\src\AOSP-openjdk-cygwin\jdk8u\hotspot\src\share\vm\prims\jvm.cpp, line 1502]
Event: 6.934 Thread 0x0000000019913000 Exception <a 'java/security/PrivilegedActionException'> (0x00000000e4470978) thrown at [D:\src\AOSP-openjdk-cygwin\jdk8u\hotspot\src\share\vm\prims\jvm.cpp, line 1502]
Event: 6.934 Thread 0x0000000019913000 Exception <a 'java/security/PrivilegedActionException'> (0x00000000e4471510) thrown at [D:\src\AOSP-openjdk-cygwin\jdk8u\hotspot\src\share\vm\prims\jvm.cpp, line 1502]
Event: 6.935 Thread 0x0000000019913000 Exception <a 'java/security/PrivilegedActionException'> (0x00000000e447b7e8) thrown at [D:\src\AOSP-openjdk-cygwin\jdk8u\hotspot\src\share\vm\prims\jvm.cpp, line 1502]
Event: 6.935 Thread 0x0000000019913000 Exception <a 'java/security/PrivilegedActionException'> (0x00000000e447c380) thrown at [D:\src\AOSP-openjdk-cygwin\jdk8u\hotspot\src\share\vm\prims\jvm.cpp, line 1502]
Event: 6.936 Thread 0x0000000019913000 Exception <a 'java/lang/ClassNotFoundException': groovy/lang/ReferenceCustomizer> (0x00000000e448b368) thrown at [D:\src\AOSP-openjdk-cygwin\jdk8u\hotspot\src\share\vm\classfile\systemDictionary.cpp, line 210]
Event: 6.941 Thread 0x0000000019913000 Exception <a 'java/lang/ClassNotFoundException': RegistryProcessorBeanInfo> (0x00000000e44c4840) thrown at [D:\src\AOSP-openjdk-cygwin\jdk8u\hotspot\src\share\vm\classfile\systemDictionary.cpp, line 210]
Event: 6.943 Thread 0x0000000019913000 Exception <a 'java/lang/ClassNotFoundException': RegistryProcessorCustomizer> (0x00000000e44d0150) thrown at [D:\src\AOSP-openjdk-cygwin\jdk8u\hotspot\src\share\vm\classfile\systemDictionary.cpp, line 210]
Event: 6.953 Thread 0x0000000019913000 Exception <a 'java/lang/ClassNotFoundException': org/jetbrains/plugins/gradle/tooling/internal/ExtraModelBuilderBeanInfo> (0x00000000e453a738) thrown at [D:\src\AOSP-openjdk-cygwin\jdk8u\hotspot\src\share\vm\classfile\systemDictionary.cpp, line 210]
Event: 6.954 Thread 0x0000000019913000 Exception <a 'java/lang/ClassNotFoundException': org/jetbrains/plugins/gradle/tooling/internal/ExtraModelBuilderCustomizer> (0x00000000e4547878) thrown at [D:\src\AOSP-openjdk-cygwin\jdk8u\hotspot\src\share\vm\classfile\systemDictionary.cpp, line 210]

Events (10 events):
Event: 7.020 loading class kotlin/collections/CollectionsKt__MutableCollectionsJVMKt
Event: 7.020 loading class kotlin/collections/CollectionsKt__MutableCollectionsJVMKt done
Event: 7.021 loading class kotlin/collections/CollectionsKt__IteratorsKt
Event: 7.021 loading class kotlin/collections/CollectionsKt__IteratorsKt done
Event: 7.022 loading class kotlin/collections/CollectionsKt__IteratorsJVMKt
Event: 7.022 loading class kotlin/collections/CollectionsKt__IteratorsJVMKt done
Event: 7.023 loading class kotlin/collections/CollectionsKt__IterablesKt
Event: 7.023 loading class kotlin/collections/CollectionsKt__IterablesKt done
Event: 7.025 loading class kotlin/collections/CollectionsKt__CollectionsKt
Event: 7.025 loading class kotlin/collections/CollectionsKt__CollectionsKt done


Dynamic libraries:
0x00007ff70b220000 - 0x00007ff70b251000 	C:\Program Files\Android\Android Studio\jre\bin\java.exe
0x00007ffc7f360000 - 0x00007ffc7f540000 	C:\WINDOWS\SYSTEM32\ntdll.dll
0x00007ffc7cfd0000 - 0x00007ffc7d07e000 	C:\WINDOWS\System32\KERNEL32.DLL
0x00007ffc7c4c0000 - 0x00007ffc7c726000 	C:\WINDOWS\System32\KERNELBASE.dll
0x00007ffc7c940000 - 0x00007ffc7c9e1000 	C:\WINDOWS\System32\ADVAPI32.dll
0x00007ffc7d080000 - 0x00007ffc7d11d000 	C:\WINDOWS\System32\msvcrt.dll
0x00007ffc7ca50000 - 0x00007ffc7caab000 	C:\WINDOWS\System32\sechost.dll
0x00007ffc7e570000 - 0x00007ffc7e68f000 	C:\WINDOWS\System32\RPCRT4.dll
0x00007ffc7cd10000 - 0x00007ffc7ce9e000 	C:\WINDOWS\System32\USER32.dll
0x00007ffc7bf60000 - 0x00007ffc7bf80000 	C:\WINDOWS\System32\win32u.dll
0x00007ffc7cea0000 - 0x00007ffc7cec8000 	C:\WINDOWS\System32\GDI32.dll
0x00007ffc7c020000 - 0x00007ffc7c1b1000 	C:\WINDOWS\System32\gdi32full.dll
0x00007ffc7bf80000 - 0x00007ffc7c01b000 	C:\WINDOWS\System32\msvcp_win.dll
0x00007ffc7c730000 - 0x00007ffc7c826000 	C:\WINDOWS\System32\ucrtbase.dll
0x00007ffc6cbe0000 - 0x00007ffc6ce49000 	C:\WINDOWS\WinSxS\amd64_microsoft.windows.common-controls_6595b64144ccf1df_6.0.16299.15_none_cc92fb402215d91d\COMCTL32.dll
0x00007ffc7e9e0000 - 0x00007ffc7ece8000 	C:\WINDOWS\System32\combase.dll
0x00007ffc7c440000 - 0x00007ffc7c4b2000 	C:\WINDOWS\System32\bcryptPrimitives.dll
0x00007ffc7e840000 - 0x00007ffc7e86d000 	C:\WINDOWS\System32\IMM32.DLL
0x0000000060e50000 - 0x0000000060f22000 	C:\Program Files\Android\Android Studio\jre\jre\bin\msvcr100.dll
0x0000000061010000 - 0x0000000061856000 	C:\Program Files\Android\Android Studio\jre\jre\bin\server\jvm.dll
0x00007ffc7cb60000 - 0x00007ffc7cb68000 	C:\WINDOWS\System32\PSAPI.DLL
0x00007ffc78fc0000 - 0x00007ffc78fe3000 	C:\WINDOWS\SYSTEM32\WINMM.dll
0x00007ffc6c240000 - 0x00007ffc6c249000 	C:\WINDOWS\SYSTEM32\WSOCK32.dll
0x00007ffc6b920000 - 0x00007ffc6b92a000 	C:\WINDOWS\SYSTEM32\VERSION.dll
0x00007ffc7cf60000 - 0x00007ffc7cfcc000 	C:\WINDOWS\System32\WS2_32.dll
0x00007ffc78f60000 - 0x00007ffc78f8a000 	C:\WINDOWS\SYSTEM32\WINMMBASE.dll
0x00007ffc7bf10000 - 0x00007ffc7bf5a000 	C:\WINDOWS\System32\cfgmgr32.dll
0x00007ffc791d0000 - 0x00007ffc791df000 	C:\Program Files\Android\Android Studio\jre\jre\bin\verify.dll
0x00007ffc6fea0000 - 0x00007ffc6fec9000 	C:\Program Files\Android\Android Studio\jre\jre\bin\java.dll
0x00007ffc79120000 - 0x00007ffc79136000 	C:\Program Files\Android\Android Studio\jre\jre\bin\zip.dll
0x00007ffc7d120000 - 0x00007ffc7e557000 	C:\WINDOWS\System32\SHELL32.dll
0x00007ffc7cab0000 - 0x00007ffc7cb56000 	C:\WINDOWS\System32\shcore.dll
0x00007ffc7b760000 - 0x00007ffc7bea7000 	C:\WINDOWS\System32\windows.storage.dll
0x00007ffc7c9f0000 - 0x00007ffc7ca41000 	C:\WINDOWS\System32\shlwapi.dll
0x00007ffc7b720000 - 0x00007ffc7b731000 	C:\WINDOWS\System32\kernel.appcore.dll
0x00007ffc7b6d0000 - 0x00007ffc7b71c000 	C:\WINDOWS\System32\powrprof.dll
0x00007ffc7b6b0000 - 0x00007ffc7b6cb000 	C:\WINDOWS\System32\profapi.dll
0x00007ffc754c0000 - 0x00007ffc754da000 	C:\Program Files\Android\Android Studio\jre\jre\bin\net.dll
0x00007ffc6f140000 - 0x00007ffc6f30c000 	C:\WINDOWS\SYSTEM32\urlmon.dll
0x00007ffc7cf40000 - 0x00007ffc7cf5d000 	C:\WINDOWS\System32\imagehlp.dll
0x00007ffc6f6d0000 - 0x00007ffc6f969000 	C:\WINDOWS\SYSTEM32\iertutil.dll
0x00007ffc7b5a0000 - 0x00007ffc7b5ab000 	C:\WINDOWS\SYSTEM32\CRYPTBASE.DLL
0x00007ffc7aee0000 - 0x00007ffc7af46000 	C:\WINDOWS\system32\mswsock.dll
0x00007ffc72b40000 - 0x00007ffc72b53000 	C:\Program Files\Android\Android Studio\jre\jre\bin\nio.dll
0x00007ffc64790000 - 0x00007ffc647b6000 	C:\Users\aiman\.gradle\native\29\windows-amd64\native-platform.dll
0x00007ffc79150000 - 0x00007ffc7915d000 	C:\Program Files\Android\Android Studio\jre\jre\bin\management.dll
0x00007ffc7b0a0000 - 0x00007ffc7b0b7000 	C:\WINDOWS\SYSTEM32\CRYPTSP.dll
0x00007ffc7aaf0000 - 0x00007ffc7ab23000 	C:\WINDOWS\system32\rsaenh.dll
0x00007ffc7b1a0000 - 0x00007ffc7b1c5000 	C:\WINDOWS\SYSTEM32\bcrypt.dll
0x00007ffc7b5e0000 - 0x00007ffc7b609000 	C:\WINDOWS\SYSTEM32\USERENV.dll
0x00007ffc7ac70000 - 0x00007ffc7aca9000 	C:\WINDOWS\SYSTEM32\IPHLPAPI.DLL
0x00007ffc7e560000 - 0x00007ffc7e568000 	C:\WINDOWS\System32\NSI.dll
0x00007ffc74e10000 - 0x00007ffc74e26000 	C:\WINDOWS\SYSTEM32\dhcpcsvc6.DLL
0x00007ffc75020000 - 0x00007ffc7503a000 	C:\WINDOWS\SYSTEM32\dhcpcsvc.DLL

VM Arguments:
jvm_args: -Xmx1536m -Dfile.encoding=windows-1252 -Duser.country=US -Duser.language=en -Duser.variant 
java_command: org.gradle.launcher.daemon.bootstrap.GradleDaemon 5.4.1
java_class_path (initial): C:\Users\aiman\.gradle\wrapper\dists\gradle-5.4.1-all\3221gyojl5jsh0helicew7rwx\gradle-5.4.1\lib\gradle-launcher-5.4.1.jar
Launcher Type: SUN_STANDARD

Environment Variables:
PATH=C:\WINDOWS\system32;C:\WINDOWS;C:\WINDOWS\System32\Wbem;C:\WINDOWS\System32\WindowsPowerShell\v1.0\;C:\Users\aiman\AppData\Local\Microsoft\WindowsApps;
USERNAME=aiman
OS=Windows_NT
PROCESSOR_IDENTIFIER=Intel64 Family 6 Model 61 Stepping 4, GenuineIntel



---------------  S Y S T E M  ---------------

OS: Windows 10.0 , 64 bit Build 16299 (10.0.16299.15)

CPU:total 4 (initial active 4) (2 cores per cpu, 2 threads per core) family 6 model 61 stepping 4, cmov, cx8, fxsr, mmx, sse, sse2, sse3, ssse3, sse4.1, sse4.2, popcnt, avx, avx2, aes, clmul, erms, 3dnowpref, lzcnt, ht, tsc, tscinvbit, bmi1, bmi2, adx

Memory: 4k page, physical 4107804k(329040k free), swap 7872920k(9188k free)

vm_info: OpenJDK 64-Bit Server VM (25.212-b04) for windows-amd64 JRE (1.8.0_212-release-1586-b04), built by "builder" with MS VC++ 10.0 (VS2010)

time: Fri Jun 05 21:55:34 2020
timezone: Pakistan Standard Time
elapsed time: 7 seconds (0d 0h 0m 7s)

